#
# There is insufficient memory for the Java Runtime Environment to continue.
# Native memory allocation (malloc) failed to allocate 79648 bytes for Chunk::new
# Possible reasons:
#   The system is out of physical RAM or swap space
#   In 32 bit mode, the process size limit was hit
# Possible solutions:
#   Reduce memory load on the system
#   Increase physical memory or swap space
#   Check if swap backing store is full
#   Use 64 bit Java on a 64 bit OS
#   Decrease Java heap size (-Xmx/-Xms)
#   Decrease number of Java threads
#   Decrease Java thread stack sizes (-Xss)
#   Set larger code cache with -XX:ReservedCodeCacheSize=
# This output file may be truncated or incomplete.
#
#  Out of Memory Error (allocation.cpp:323), pid=18212, tid=7572
#
# JRE version: Java(TM) SE Runtime Environment (7.0_40-b43) (build 1.7.0_40-b43)
# Java VM: Java HotSpot(TM) 64-Bit Server VM (24.0-b56 mixed mode windows-amd64 compressed oops)
# Failed to write core dump. Minidumps are not enabled by default on client versions of Windows
#

---------------  T H R E A D  ---------------

Current thread (0x0000000009def000):  JavaThread "C2 CompilerThread1" daemon [_thread_in_native, id=7572, stack(0x000000000c720000,0x000000000c820000)]

Stack: [0x000000000c720000,0x000000000c820000]
[error occurred during error reporting (printing stack bounds), id 0xc0000005]


[error occurred during error reporting (printing native stack), id 0xc0000005]


Current CompileTask:
C2:   1115   22             java.awt.Container::findComponentAtImpl (315 bytes)


---------------  P R O C E S S  ---------------

Java Threads: ( => current thread )
  0x000000000aed5000 JavaThread "D3D Screen Updater" daemon [_thread_blocked, id=8000, stack(0x00000000102d0000,0x00000000103d0000)]
  0x000000000218d800 JavaThread "DestroyJavaVM" [_thread_blocked, id=4020, stack(0x00000000023f0000,0x00000000024f0000)]
  0x000000000b03f800 JavaThread "AWT-EventQueue-0" [_thread_blocked, id=16828, stack(0x000000000fe40000,0x000000000ff40000)]
  0x000000000adad800 JavaThread "AWT-Windows" daemon [_thread_in_vm, id=9276, stack(0x000000000cc50000,0x000000000cd50000)]
  0x000000000adad000 JavaThread "AWT-Shutdown" [_thread_blocked, id=9784, stack(0x000000000c370000,0x000000000c470000)]
  0x000000000adac000 JavaThread "Java2D Disposer" daemon [_thread_blocked, id=7940, stack(0x000000000ca70000,0x000000000cb70000)]
  0x000000000ad89000 JavaThread "Service Thread" daemon [_thread_blocked, id=9832, stack(0x000000000c5f0000,0x000000000c6f0000)]
=>0x0000000009def000 JavaThread "C2 CompilerThread1" daemon [_thread_in_native, id=7572, stack(0x000000000c720000,0x000000000c820000)]
  0x0000000009de3800 JavaThread "C2 CompilerThread0" daemon [_thread_blocked, id=8144, stack(0x000000000c4f0000,0x000000000c5f0000)]
  0x0000000009de1800 JavaThread "Attach Listener" daemon [_thread_blocked, id=9848, stack(0x000000000c160000,0x000000000c260000)]
  0x0000000009de0800 JavaThread "Signal Dispatcher" daemon [_thread_blocked, id=7976, stack(0x000000000c270000,0x000000000c370000)]
  0x000000000214d800 JavaThread "Finalizer" daemon [_thread_blocked, id=2116, stack(0x000000000be70000,0x000000000bf70000)]
  0x0000000002145000 JavaThread "Reference Handler" daemon [_thread_blocked, id=880, stack(0x000000000bfa0000,0x000000000c0a0000)]

Other Threads:
  0x0000000009dce800 VMThread [stack: 0x000000000bd00000,0x000000000be00000] [id=9576]
  0x000000000ad9a000 WatcherThread [stack: 0x000000000c870000,0x000000000c970000] [id=7404]

VM state:not at safepoint (normal execution)

VM Mutex/Monitor currently owned by a thread: None

Heap
 PSYoungGen      total 28672K, used 5415K [0x00000000e0080000, 0x00000000e2080000, 0x0000000100000000)
  eden space 24576K, 22% used [0x00000000e0080000,0x00000000e05c9e20,0x00000000e1880000)
  from space 4096K, 0% used [0x00000000e1c80000,0x00000000e1c80000,0x00000000e2080000)
  to   space 4096K, 0% used [0x00000000e1880000,0x00000000e1880000,0x00000000e1c80000)
 ParOldGen       total 65024K, used 0K [0x00000000a0200000, 0x00000000a4180000, 0x00000000e0080000)
  object space 65024K, 0% used [0x00000000a0200000,0x00000000a0200000,0x00000000a4180000)
 PSPermGen       total 21504K, used 11639K [0x000000009b000000, 0x000000009c500000, 0x00000000a0200000)
  object space 21504K, 54% used [0x000000009b000000,0x000000009bb5dc00,0x000000009c500000)

Card table byte_map: [0x00000000054f0000,0x0000000005820000] byte_map_base: 0x0000000005018000

Polling page: 0x00000000001d0000

Code Cache  [0x00000000024f0000, 0x0000000002760000, 0x00000000054f0000)
 total_blobs=450 nmethods=21 adapters=382 free_code_cache=48617Kb largest_free_block=49765248

Compilation events (10 events):
Event: 1.025 Thread 0x0000000009de3800 nmethod 16 0x0000000002573a10 code [0x0000000002573b40, 0x0000000002573b78]
Event: 1.055 Thread 0x0000000009def000   17             java.util.ArrayList::size (5 bytes)
Event: 1.055 Thread 0x0000000009def000 nmethod 17 0x0000000002573810 code [0x0000000002573940, 0x0000000002573998]
Event: 1.072 Thread 0x0000000009de3800   18             java.util.ArrayList::rangeCheck (22 bytes)
Event: 1.072 Thread 0x0000000009def000   19             java.util.ArrayList::elementData (7 bytes)
Event: 1.073 Thread 0x0000000009de3800 nmethod 18 0x00000000025735d0 code [0x0000000002573700, 0x0000000002573778]
Event: 1.073 Thread 0x0000000009def000 nmethod 19 0x0000000002573350 code [0x0000000002573480, 0x0000000002573518]
Event: 1.074 Thread 0x0000000009de3800   20             java.util.ArrayList::get (11 bytes)
Event: 1.075 Thread 0x0000000009de3800 nmethod 20 0x0000000002577510 code [0x0000000002577640, 0x00000000025776d8]
Event: 1.096 Thread 0x0000000009def000   22             java.awt.Container::findComponentAtImpl (315 bytes)

GC Heap History (0 events):
No events

Deoptimization events (4 events):
Event: 0.403 Thread 0x000000000218d800 Uncommon trap: reason=class_check action=maybe_recompile pc=0x0000000002561818 method=java.lang.String.equals(Ljava/lang/Object;)Z @ 8
Event: 0.403 Thread 0x000000000218d800 Uncommon trap: reason=class_check action=maybe_recompile pc=0x0000000002561818 method=java.lang.String.equals(Ljava/lang/Object;)Z @ 8
Event: 0.404 Thread 0x000000000218d800 Uncommon trap: reason=class_check action=maybe_recompile pc=0x0000000002561818 method=java.lang.String.equals(Ljava/lang/Object;)Z @ 8
Event: 0.404 Thread 0x000000000218d800 Uncommon trap: reason=class_check action=maybe_recompile pc=0x0000000002561818 method=java.lang.String.equals(Ljava/lang/Object;)Z @ 8

Internal exceptions (10 events):
Event: 0.160 Thread 0x000000000218d800 Threw 0x00000000e014b6e0 at C:\jdk7u2_64p\jdk7u40\hotspot\src\share\vm\prims\jvm.cpp:1244
Event: 0.161 Thread 0x000000000218d800 Threw 0x00000000e014e760 at C:\jdk7u2_64p\jdk7u40\hotspot\src\share\vm\prims\jvm.cpp:1244
Event: 0.162 Thread 0x000000000218d800 Threw 0x00000000e01512c8 at C:\jdk7u2_64p\jdk7u40\hotspot\src\share\vm\prims\jvm.cpp:1244
Event: 0.163 Thread 0x000000000218d800 Threw 0x00000000e01547a8 at C:\jdk7u2_64p\jdk7u40\hotspot\src\share\vm\prims\jvm.cpp:1244
Event: 0.184 Thread 0x000000000218d800 Threw 0x00000000e0169b30 at C:\jdk7u2_64p\jdk7u40\hotspot\src\share\vm\prims\jni.cpp:717
Event: 0.289 Thread 0x000000000218d800 Threw 0x00000000e022ced8 at C:\jdk7u2_64p\jdk7u40\hotspot\src\share\vm\prims\jvm.cpp:1244
Event: 0.289 Thread 0x000000000218d800 Threw 0x00000000e022dde8 at C:\jdk7u2_64p\jdk7u40\hotspot\src\share\vm\prims\jvm.cpp:1244
Event: 0.290 Thread 0x000000000218d800 Threw 0x00000000e0231f20 at C:\jdk7u2_64p\jdk7u40\hotspot\src\share\vm\prims\jvm.cpp:1244
Event: 0.290 Thread 0x000000000218d800 Threw 0x00000000e0232e30 at C:\jdk7u2_64p\jdk7u40\hotspot\src\share\vm\prims\jvm.cpp:1244
Event: 0.310 Thread 0x000000000218d800 Threw 0x00000000e0258c08 at C:\jdk7u2_64p\jdk7u40\hotspot\src\share\vm\prims\jvm.cpp:1244

Events (10 events):
Event: 0.616 loading class 0x000000000adc4e20
Event: 0.616 loading class 0x000000000adc4e20 done
Event: 0.616 loading class 0x000000000adc4d30
Event: 0.616 loading class 0x000000000adc4d30 done
Event: 0.616 loading class 0x000000000adc4d70
Event: 0.616 loading class 0x000000000adc4d70 done
Event: 0.616 loading class 0x000000000adeb040
Event: 0.616 loading class 0x000000000adeb040 done
Event: 0.616 loading class 0x000000000adb60a0
Event: 0.617 loading class 0x000000000adb60a0 done


Dynamic libraries:
0x000000013fc80000 - 0x000000013fcb3000 	C:\Program Files\Java\jdk1.7.0_40\jre\bin\java.exe
0x0000000077610000 - 0x00000000777b9000 	C:\Windows\SYSTEM32\ntdll.dll
0x00000000773f0000 - 0x000000007750f000 	C:\Windows\system32\kernel32.dll
0x000007fefd580000 - 0x000007fefd5eb000 	C:\Windows\system32\KERNELBASE.dll
0x000007feff7a0000 - 0x000007feff87b000 	C:\Windows\system32\ADVAPI32.dll
0x000007fefdc90000 - 0x000007fefdd2f000 	C:\Windows\system32\msvcrt.dll
0x000007fefda10000 - 0x000007fefda2f000 	C:\Windows\SYSTEM32\sechost.dll
0x000007fefeef0000 - 0x000007feff01d000 	C:\Windows\system32\RPCRT4.dll
0x0000000077510000 - 0x000000007760a000 	C:\Windows\system32\USER32.dll
0x000007fefd900000 - 0x000007fefd967000 	C:\Windows\system32\GDI32.dll
0x000007feff410000 - 0x000007feff41e000 	C:\Windows\system32\LPK.dll
0x000007feff6d0000 - 0x000007feff799000 	C:\Windows\system32\USP10.dll
0x000007fefb760000 - 0x000007fefb954000 	C:\Windows\WinSxS\amd64_microsoft.windows.common-controls_6595b64144ccf1df_6.0.7601.17514_none_fa396087175ac9ac\COMCTL32.dll
0x000007fefd820000 - 0x000007fefd891000 	C:\Windows\system32\SHLWAPI.dll
0x000007fefda30000 - 0x000007fefda5e000 	C:\Windows\system32\IMM32.DLL
0x000007fefe000000 - 0x000007fefe109000 	C:\Windows\system32\MSCTF.dll
0x0000000055b00000 - 0x0000000055bd1000 	C:\Program Files\Java\jdk1.7.0_40\jre\bin\msvcr100.dll
0x0000000054c40000 - 0x0000000055409000 	C:\Program Files\Java\jdk1.7.0_40\jre\bin\server\jvm.dll
0x000007fef8f50000 - 0x000007fef8f59000 	C:\Windows\system32\WSOCK32.dll
0x000007fefe110000 - 0x000007fefe15d000 	C:\Windows\system32\WS2_32.dll
0x000007fefdd30000 - 0x000007fefdd38000 	C:\Windows\system32\NSI.dll
0x000007fef99a0000 - 0x000007fef99db000 	C:\Windows\system32\WINMM.dll
0x00000000777d0000 - 0x00000000777d7000 	C:\Windows\system32\PSAPI.DLL
0x000000005dc70000 - 0x000000005dc7f000 	C:\Program Files\Java\jdk1.7.0_40\jre\bin\verify.dll
0x0000000055a90000 - 0x0000000055ab8000 	C:\Program Files\Java\jdk1.7.0_40\jre\bin\java.dll
0x0000000055a70000 - 0x0000000055a85000 	C:\Program Files\Java\jdk1.7.0_40\jre\bin\zip.dll
0x0000000055890000 - 0x0000000055a25000 	C:\Program Files\Java\jdk1.7.0_40\jre\bin\awt.dll
0x000007fefdf20000 - 0x000007fefdff7000 	C:\Windows\system32\OLEAUT32.dll
0x000007feff020000 - 0x000007feff223000 	C:\Windows\system32\ole32.dll
0x000007fefa9e0000 - 0x000007fefa9f8000 	C:\Windows\system32\DWMAPI.DLL
0x000007fefb6e0000 - 0x000007fefb736000 	C:\Windows\system32\uxtheme.dll
0x000007fefd320000 - 0x000007fefd32f000 	C:\Windows\system32\CRYPTBASE.dll
0x000007fef40d0000 - 0x000007fef42cf000 	C:\Windows\system32\d3d9.dll
0x000007fefc530000 - 0x000007fefc53c000 	C:\Windows\system32\VERSION.dll
0x000007fef40c0000 - 0x000007fef40c7000 	C:\Windows\system32\d3d8thk.dll
0x000007feed210000 - 0x000007feee084000 	C:\Windows\system32\nvd3dumx.dll
0x000007fefbf90000 - 0x000007fefbfbc000 	C:\Windows\system32\powrprof.dll
0x000007feff230000 - 0x000007feff407000 	C:\Windows\system32\SETUPAPI.dll
0x000007fefd7c0000 - 0x000007fefd7f6000 	C:\Windows\system32\CFGMGR32.dll
0x000007fefd4a0000 - 0x000007fefd4ba000 	C:\Windows\system32\DEVOBJ.dll
0x000007fefe160000 - 0x000007fefeee8000 	C:\Windows\system32\SHELL32.dll
0x0000000055850000 - 0x000000005588f000 	C:\Program Files\Java\jdk1.7.0_40\jre\bin\fontmanager.dll
0x0000000055a50000 - 0x0000000055a69000 	C:\Program Files\Java\jdk1.7.0_40\jre\bin\net.dll
0x000007fefcc60000 - 0x000007fefccb5000 	C:\Windows\system32\mswsock.dll
0x000007fefcc50000 - 0x000007fefcc57000 	C:\Windows\System32\wship6.dll
0x0000000055a30000 - 0x0000000055a41000 	C:\Program Files\Java\jdk1.7.0_40\jre\bin\nio.dll
0x0000000055800000 - 0x0000000055841000 	C:\Program Files\Java\jdk1.7.0_40\jre\bin\t2k.dll
0x000007fefd970000 - 0x000007fefda09000 	C:\Windows\system32\CLBCatQ.DLL
0x000007fefa830000 - 0x000007fefa991000 	C:\Windows\system32\WindowsCodecs.dll
0x000007fefd2c0000 - 0x000007fefd317000 	C:\Windows\system32\apphelp.dll
0x0000000072b70000 - 0x0000000072b86000 	C:\Program Files\Common Files\TortoiseOverlays\TortoiseOverlays.dll
0x0000000072660000 - 0x0000000072670000 	D:\Programs\SVN\bin\TortoiseStub.dll
0x00000000722f0000 - 0x000000007236b000 	D:\Programs\SVN\bin\TortoiseSVN.dll
0x000007fefda60000 - 0x000007fefdc8d000 	C:\Windows\system32\WININET.dll
0x000007fefd570000 - 0x000007fefd574000 	C:\Windows\system32\api-ms-win-downlevel-user32-l1-1-0.dll
0x000007fefd7b0000 - 0x000007fefd7b5000 	C:\Windows\system32\api-ms-win-downlevel-advapi32-l1-1-0.dll
0x000007fefd810000 - 0x000007fefd814000 	C:\Windows\system32\api-ms-win-downlevel-shlwapi-l1-1-0.dll
0x000007fefd800000 - 0x000007fefd804000 	C:\Windows\system32\api-ms-win-downlevel-version-l1-1-0.dll
0x000007fefd7a0000 - 0x000007fefd7a3000 	C:\Windows\system32\api-ms-win-downlevel-normaliz-l1-1-0.dll
0x00000000777e0000 - 0x00000000777e3000 	C:\Windows\system32\normaliz.DLL
0x000007feff440000 - 0x000007feff6cc000 	C:\Windows\system32\iertutil.dll
0x000007fef4c30000 - 0x000007fef5012000 	D:\Programs\SVN\bin\libsvn_tsvn.dll
0x0000000072140000 - 0x000000007216b000 	D:\Programs\SVN\bin\libapr_tsvn.dll
0x0000000071f40000 - 0x0000000071f81000 	D:\Programs\SVN\bin\libaprutil_tsvn.dll
0x000007fefd8a0000 - 0x000007fefd8f2000 	C:\Windows\system32\WLDAP32.dll
0x000007fef4ae0000 - 0x000007fef4af0000 	D:\Programs\SVN\bin\intl3_tsvn.dll
0x000007fef4ac0000 - 0x000007fef4ada000 	D:\Programs\SVN\bin\libsasl.dll
0x000007fefd0c0000 - 0x000007fefd0cb000 	C:\Windows\system32\Secur32.dll
0x000007fefd290000 - 0x000007fefd2b5000 	C:\Windows\system32\SSPICLI.DLL
0x000007fefd5f0000 - 0x000007fefd75c000 	C:\Windows\system32\CRYPT32.dll
0x000007fefd490000 - 0x000007fefd49f000 	C:\Windows\system32\MSASN1.dll
0x0000000071e50000 - 0x0000000071ee8000 	C:\Windows\system32\MSVCP100.dll
0x000007fef4910000 - 0x000007fef4945000 	C:\Windows\system32\EhStorShell.dll
0x000007fefbd80000 - 0x000007fefbeac000 	C:\Windows\system32\PROPSYS.dll
0x000007fef4850000 - 0x000007fef4910000 	C:\Program Files (x86)\Google\Drive\googledrivesync64.dll
0x0000000072970000 - 0x0000000072a43000 	C:\Windows\WinSxS\amd64_microsoft.vc90.crt_1fc8b3b9a1e18e3b_9.0.30729.6161_none_08e61857a83bc251\MSVCP90.dll
0x00000000728c0000 - 0x0000000072963000 	C:\Windows\WinSxS\amd64_microsoft.vc90.crt_1fc8b3b9a1e18e3b_9.0.30729.6161_none_08e61857a83bc251\MSVCR90.dll

VM Arguments:
jvm_args: -Dfile.encoding=UTF-8 
java_command: Viewer.SectionView
Launcher Type: SUN_STANDARD

Environment Variables:
PATH=C:\Program Files (x86)\NVIDIA Corporation\PhysX\Common;C:\Program Files\Common Files\Microsoft Shared\Windows Live;C:\Windows\system32;C:\Windows;C:\Windows\System32\Wbem;C:\Program Files (x86)\Common Files\Autodesk Shared\;C:\Program Files\Microsoft SQL Server\110\Tools\Binn\;D:\Programs\SVN\bin;C:\Program Files\Common Files\Autodesk Shared\;C:\Program Files (x86)\Microsoft SQL Server\90\Tools\binn\;C:\Windows\System32\WindowsPowerShell\v1.0\;C:\Windows\System32\WindowsPowerShell\v1.0\;C:\Program Files (x86)\Livestreamer;C:\Program Files\Common Files\Microsoft Shared\Windows Live
USERNAME=Jamie
OS=Windows_NT
PROCESSOR_IDENTIFIER=Intel64 Family 6 Model 26 Stepping 5, GenuineIntel



---------------  S Y S T E M  ---------------

OS: Windows 7 , 64 bit Build 7601 Service Pack 1

CPU:total 8 (4 cores per cpu, 2 threads per core) family 6 model 26 stepping 5, cmov, cx8, fxsr, mmx, sse, sse2, sse3, ssse3, sse4.1, sse4.2, popcnt, ht, tsc, tscinvbit, tscinv

Memory: 4k page, physical 6282356k(477732k free), swap 25127564k(5020k free)

vm_info: Java HotSpot(TM) 64-Bit Server VM (24.0-b56) for windows-amd64 JRE (1.7.0_40-b43), built on Aug 26 2013 22:38:32 by "java_re" with unknown MS VC++:1600

time: Wed Oct 09 22:04:27 2013
elapsed time: 1 seconds

